120912 15:40:40 [Note] Plugin 'FEDERATED' is disabled.
120912 15:40:40 InnoDB: The InnoDB memory heap is disabled
120912 15:40:40 InnoDB: Mutexes and rw_locks use Windows interlocked functions
120912 15:40:40 InnoDB: Compressed tables use zlib 1.2.3
120912 15:40:40 InnoDB: Initializing buffer pool, size = 16.0M
120912 15:40:40 InnoDB: Completed initialization of buffer pool
InnoDB: The first specified data file \xampp\mysql\data\ibdata1 did not exist:
InnoDB: a new database to be created!
120912 15:40:40  InnoDB: Setting file \xampp\mysql\data\ibdata1 size to 10 MB
InnoDB: Database physically writes the file full: wait...
120912 15:40:40  InnoDB: Log file \xampp\mysql\data\ib_logfile0 did not exist: new to be created
InnoDB: Setting log file \xampp\mysql\data\ib_logfile0 size to 5 MB
InnoDB: Database physically writes the file full: wait...
120912 15:40:41  InnoDB: Log file \xampp\mysql\data\ib_logfile1 did not exist: new to be created
InnoDB: Setting log file \xampp\mysql\data\ib_logfile1 size to 5 MB
InnoDB: Database physically writes the file full: wait...
InnoDB: Doublewrite buffer not found: creating new
InnoDB: Doublewrite buffer created
InnoDB: 127 rollback segment(s) active.
InnoDB: Creating foreign key constraint system tables
InnoDB: Foreign key constraint system tables created
120912 15:40:42  InnoDB: Waiting for the background threads to start
120912 15:40:43 InnoDB: 1.1.8 started; log sequence number 0
120912 15:40:43 [Note] Server hostname (bind-address): '0.0.0.0'; port: 3306
120912 15:40:43 [Note]   - '0.0.0.0' resolves to '0.0.0.0';
120912 15:40:43 [Note] Server socket created on IP: '0.0.0.0'.
120912 15:40:44 [Note] Event Scheduler: Loaded 0 events
120912 15:40:44 [Note] q:\xampp\mysql\bin\mysqld.exe: ready for connections.
Version: '5.5.25a'  socket: ''  port: 3306  MySQL Community Server (GPL)
120913  8:41:16 [Note] Plugin 'FEDERATED' is disabled.
120913  8:41:16 InnoDB: The InnoDB memory heap is disabled
120913  8:41:16 InnoDB: Mutexes and rw_locks use Windows interlocked functions
120913  8:41:16 InnoDB: Compressed tables use zlib 1.2.3
120913  8:41:17 InnoDB: Initializing buffer pool, size = 16.0M
120913  8:41:17 InnoDB: Completed initialization of buffer pool
120913  8:41:17 InnoDB: highest supported file format is Barracuda.
InnoDB: The log sequence number in ibdata files does not match
InnoDB: the log sequence number in the ib_logfiles!
120913  8:41:17  InnoDB: Database was not shut down normally!
InnoDB: Starting crash recovery.
InnoDB: Reading tablespace information from the .ibd files...
InnoDB: Restoring possible half-written data pages from the doublewrite
InnoDB: buffer...
120913  8:41:17  InnoDB: Waiting for the background threads to start
120913  8:41:18 InnoDB: 1.1.8 started; log sequence number 1595675
120913  8:41:18 [Note] Server hostname (bind-address): '0.0.0.0'; port: 3306
120913  8:41:18 [Note]   - '0.0.0.0' resolves to '0.0.0.0';
120913  8:41:18 [Note] Server socket created on IP: '0.0.0.0'.
120913  8:41:18 [ERROR] Can't start server: Bind on TCP/IP port: No such file or directory
120913  8:41:18 [ERROR] Do you already have another mysqld server running on port: 3306 ?
120913  8:41:18 [ERROR] Aborting

120913  8:41:18  InnoDB: Starting shutdown...
120913  8:41:19  InnoDB: Shutdown completed; log sequence number 1595675
120913  8:41:19 [Note] mysql\bin\mysqld.exe: Shutdown complete

120913  8:41:28 [Note] Plugin 'FEDERATED' is disabled.
120913  8:41:28 InnoDB: The InnoDB memory heap is disabled
120913  8:41:28 InnoDB: Mutexes and rw_locks use Windows interlocked functions
120913  8:41:28 InnoDB: Compressed tables use zlib 1.2.3
120913  8:41:28 InnoDB: Initializing buffer pool, size = 16.0M
120913  8:41:28 InnoDB: Completed initialization of buffer pool
120913  8:41:28 InnoDB: highest supported file format is Barracuda.
120913  8:41:28  InnoDB: Waiting for the background threads to start
120913  8:41:29 InnoDB: 1.1.8 started; log sequence number 1595675
120913  8:41:29 [Note] Server hostname (bind-address): '0.0.0.0'; port: 3306
120913  8:41:29 [Note]   - '0.0.0.0' resolves to '0.0.0.0';
120913  8:41:29 [Note] Server socket created on IP: '0.0.0.0'.
120913  8:41:29 [ERROR] Can't start server: Bind on TCP/IP port: No such file or directory
120913  8:41:29 [ERROR] Do you already have another mysqld server running on port: 3306 ?
120913  8:41:29 [ERROR] Aborting

120913  8:41:29  InnoDB: Starting shutdown...
120913  8:41:30  InnoDB: Shutdown completed; log sequence number 1595675
120913  8:41:30 [Note] mysql\bin\mysqld: Shutdown complete

120917 11:21:29 [Note] Plugin 'FEDERATED' is disabled.
120917 11:21:29 InnoDB: The InnoDB memory heap is disabled
120917 11:21:29 InnoDB: Mutexes and rw_locks use Windows interlocked functions
120917 11:21:29 InnoDB: Compressed tables use zlib 1.2.3
120917 11:21:29 InnoDB: Initializing buffer pool, size = 16.0M
120917 11:21:29 InnoDB: Completed initialization of buffer pool
120917 11:21:29 InnoDB: highest supported file format is Barracuda.
120917 11:21:30  InnoDB: Waiting for the background threads to start
120917 11:21:31 InnoDB: 1.1.8 started; log sequence number 1595675
120917 11:21:31 [Note] Server hostname (bind-address): '0.0.0.0'; port: 3306
120917 11:21:31 [Note]   - '0.0.0.0' resolves to '0.0.0.0';
120917 11:21:31 [Note] Server socket created on IP: '0.0.0.0'.
120917 11:21:33 [Note] Event Scheduler: Loaded 0 events
120917 11:21:33 [Note] q:\xampp\mysql\bin\mysqld.exe: ready for connections.
Version: '5.5.25a'  socket: ''  port: 3306  MySQL Community Server (GPL)
120917 14:23:20 [Note] Plugin 'FEDERATED' is disabled.
120917 14:23:20 InnoDB: The InnoDB memory heap is disabled
120917 14:23:20 InnoDB: Mutexes and rw_locks use Windows interlocked functions
120917 14:23:20 InnoDB: Compressed tables use zlib 1.2.3
120917 14:23:21 InnoDB: Initializing buffer pool, size = 16.0M
120917 14:23:21 InnoDB: Completed initialization of buffer pool
120917 14:23:21 InnoDB: highest supported file format is Barracuda.
InnoDB: The log sequence number in ibdata files does not match
InnoDB: the log sequence number in the ib_logfiles!
120917 14:23:22  InnoDB: Database was not shut down normally!
InnoDB: Starting crash recovery.
InnoDB: Reading tablespace information from the .ibd files...
InnoDB: Restoring possible half-written data pages from the doublewrite
InnoDB: buffer...
120917 14:23:24  InnoDB: Waiting for the background threads to start
120917 14:23:25 InnoDB: 1.1.8 started; log sequence number 1598281
120917 14:23:25 [Note] Server hostname (bind-address): '0.0.0.0'; port: 3306
120917 14:23:25 [Note]   - '0.0.0.0' resolves to '0.0.0.0';
120917 14:23:25 [Note] Server socket created on IP: '0.0.0.0'.
120917 14:23:26 [Note] Event Scheduler: Loaded 0 events
120917 14:23:26 [Note] mysql\bin\mysqld: ready for connections.
Version: '5.5.25a'  socket: ''  port: 3306  MySQL Community Server (GPL)
120917 14:37:25 [Note] Plugin 'FEDERATED' is disabled.
120917 14:37:26 InnoDB: The InnoDB memory heap is disabled
120917 14:37:26 InnoDB: Mutexes and rw_locks use Windows interlocked functions
120917 14:37:26 InnoDB: Compressed tables use zlib 1.2.3
120917 14:37:26 InnoDB: Initializing buffer pool, size = 16.0M
120917 14:37:26 InnoDB: Completed initialization of buffer pool
120917 14:37:26 InnoDB: highest supported file format is Barracuda.
InnoDB: The log sequence number in ibdata files does not match
InnoDB: the log sequence number in the ib_logfiles!
120917 14:37:26  InnoDB: Database was not shut down normally!
InnoDB: Starting crash recovery.
InnoDB: Reading tablespace information from the .ibd files...
InnoDB: Restoring possible half-written data pages from the doublewrite
InnoDB: buffer...
120917 14:37:26  InnoDB: Waiting for the background threads to start
120917 14:37:27 InnoDB: 1.1.8 started; log sequence number 1598281
120917 14:37:28 [Note] Server hostname (bind-address): '0.0.0.0'; port: 3306
120917 14:37:28 [Note]   - '0.0.0.0' resolves to '0.0.0.0';
120917 14:37:28 [Note] Server socket created on IP: '0.0.0.0'.
120917 14:37:28 [Note] Event Scheduler: Loaded 0 events
120917 14:37:28 [Note] q:\xampp\mysql\bin\mysqld.exe: ready for connections.
Version: '5.5.25a'  socket: ''  port: 3306  MySQL Community Server (GPL)
120918  8:43:00 [Note] Plugin 'FEDERATED' is disabled.
120918  8:43:00 InnoDB: The InnoDB memory heap is disabled
120918  8:43:00 InnoDB: Mutexes and rw_locks use Windows interlocked functions
120918  8:43:00 InnoDB: Compressed tables use zlib 1.2.3
120918  8:43:00 InnoDB: Initializing buffer pool, size = 16.0M
120918  8:43:00 InnoDB: Completed initialization of buffer pool
120918  8:43:01 InnoDB: highest supported file format is Barracuda.
InnoDB: The log sequence number in ibdata files does not match
InnoDB: the log sequence number in the ib_logfiles!
120918  8:43:01  InnoDB: Database was not shut down normally!
InnoDB: Starting crash recovery.
InnoDB: Reading tablespace information from the .ibd files...
InnoDB: Restoring possible half-written data pages from the doublewrite
InnoDB: buffer...
120918  8:43:02  InnoDB: Waiting for the background threads to start
120918  8:43:03 InnoDB: 1.1.8 started; log sequence number 1598281
120918  8:43:03 [Note] Server hostname (bind-address): '0.0.0.0'; port: 3306
120918  8:43:03 [Note]   - '0.0.0.0' resolves to '0.0.0.0';
120918  8:43:03 [Note] Server socket created on IP: '0.0.0.0'.
120918  8:43:04 [Note] Event Scheduler: Loaded 0 events
120918  8:43:04 [Note] q:\xampp\mysql\bin\mysqld.exe: ready for connections.
Version: '5.5.25a'  socket: ''  port: 3306  MySQL Community Server (GPL)
120918  9:20:54 [Note] Plugin 'FEDERATED' is disabled.
120918  9:20:54 InnoDB: The InnoDB memory heap is disabled
120918  9:20:54 InnoDB: Mutexes and rw_locks use Windows interlocked functions
120918  9:20:54 InnoDB: Compressed tables use zlib 1.2.3
120918  9:20:54 InnoDB: Initializing buffer pool, size = 16.0M
120918  9:20:54 InnoDB: Completed initialization of buffer pool
120918  9:20:54 InnoDB: highest supported file format is Barracuda.
InnoDB: The log sequence number in ibdata files does not match
InnoDB: the log sequence number in the ib_logfiles!
120918  9:20:54  InnoDB: Database was not shut down normally!
InnoDB: Starting crash recovery.
InnoDB: Reading tablespace information from the .ibd files...
InnoDB: Restoring possible half-written data pages from the doublewrite
InnoDB: buffer...
120918  9:20:56  InnoDB: Waiting for the background threads to start
120918  9:20:57 InnoDB: 1.1.8 started; log sequence number 1598281
120918  9:20:57 [Note] Server hostname (bind-address): '0.0.0.0'; port: 3306
120918  9:20:57 [Note]   - '0.0.0.0' resolves to '0.0.0.0';
120918  9:20:57 [Note] Server socket created on IP: '0.0.0.0'.
120918  9:20:57 [Note] Event Scheduler: Loaded 0 events
120918  9:20:57 [Note] q:\xampp\mysql\bin\mysqld.exe: ready for connections.
Version: '5.5.25a'  socket: ''  port: 3306  MySQL Community Server (GPL)
120918  9:50:35 [Note] Plugin 'FEDERATED' is disabled.
120918  9:50:35 InnoDB: The InnoDB memory heap is disabled
120918  9:50:35 InnoDB: Mutexes and rw_locks use Windows interlocked functions
120918  9:50:35 InnoDB: Compressed tables use zlib 1.2.3
120918  9:50:35 InnoDB: Initializing buffer pool, size = 16.0M
120918  9:50:35 InnoDB: Completed initialization of buffer pool
120918  9:50:35 InnoDB: highest supported file format is Barracuda.
InnoDB: The log sequence number in ibdata files does not match
InnoDB: the log sequence number in the ib_logfiles!
120918  9:50:35  InnoDB: Database was not shut down normally!
InnoDB: Starting crash recovery.
InnoDB: Reading tablespace information from the .ibd files...
InnoDB: Restoring possible half-written data pages from the doublewrite
InnoDB: buffer...
120918  9:50:36  InnoDB: Waiting for the background threads to start
120918  9:50:37 InnoDB: 1.1.8 started; log sequence number 1598281
120918  9:50:37 [Note] Server hostname (bind-address): '0.0.0.0'; port: 3306
120918  9:50:37 [Note]   - '0.0.0.0' resolves to '0.0.0.0';
120918  9:50:37 [Note] Server socket created on IP: '0.0.0.0'.
120918  9:50:37 [Note] Event Scheduler: Loaded 0 events
120918  9:50:37 [Note] q:\xampp\mysql\bin\mysqld.exe: ready for connections.
Version: '5.5.25a'  socket: ''  port: 3306  MySQL Community Server (GPL)
120918 12:17:18 [Note] Plugin 'FEDERATED' is disabled.
120918 12:17:19 InnoDB: The InnoDB memory heap is disabled
120918 12:17:19 InnoDB: Mutexes and rw_locks use Windows interlocked functions
120918 12:17:19 InnoDB: Compressed tables use zlib 1.2.3
120918 12:17:19 InnoDB: Initializing buffer pool, size = 16.0M
120918 12:17:19 InnoDB: Completed initialization of buffer pool
120918 12:17:19 InnoDB: highest supported file format is Barracuda.
InnoDB: The log sequence number in ibdata files does not match
InnoDB: the log sequence number in the ib_logfiles!
120918 12:17:19  InnoDB: Database was not shut down normally!
InnoDB: Starting crash recovery.
InnoDB: Reading tablespace information from the .ibd files...
InnoDB: Restoring possible half-written data pages from the doublewrite
InnoDB: buffer...
120918 12:17:20  InnoDB: Waiting for the background threads to start
120918 12:17:21 InnoDB: 1.1.8 started; log sequence number 1639592
120918 12:17:21 [Note] Server hostname (bind-address): '0.0.0.0'; port: 3306
120918 12:17:21 [Note]   - '0.0.0.0' resolves to '0.0.0.0';
120918 12:17:21 [Note] Server socket created on IP: '0.0.0.0'.
120918 12:17:21 [Note] Event Scheduler: Loaded 0 events
120918 12:17:21 [Note] q:\xampp\mysql\bin\mysqld.exe: ready for connections.
Version: '5.5.25a'  socket: ''  port: 3306  MySQL Community Server (GPL)
120919  7:56:37 [Note] Plugin 'FEDERATED' is disabled.
120919  7:56:37 InnoDB: The InnoDB memory heap is disabled
120919  7:56:37 InnoDB: Mutexes and rw_locks use Windows interlocked functions
120919  7:56:37 InnoDB: Compressed tables use zlib 1.2.3
120919  7:56:37 InnoDB: Initializing buffer pool, size = 16.0M
120919  7:56:37 InnoDB: Completed initialization of buffer pool
120919  7:56:38 InnoDB: highest supported file format is Barracuda.
InnoDB: The log sequence number in ibdata files does not match
InnoDB: the log sequence number in the ib_logfiles!
120919  7:56:38  InnoDB: Database was not shut down normally!
InnoDB: Starting crash recovery.
InnoDB: Reading tablespace information from the .ibd files...
InnoDB: Restoring possible half-written data pages from the doublewrite
InnoDB: buffer...
120919  7:56:38  InnoDB: Waiting for the background threads to start
120919  7:56:39 InnoDB: 1.1.8 started; log sequence number 1661752
120919  7:56:40 [Note] Server hostname (bind-address): '0.0.0.0'; port: 3306
120919  7:56:40 [Note]   - '0.0.0.0' resolves to '0.0.0.0';
120919  7:56:40 [Note] Server socket created on IP: '0.0.0.0'.
120919  7:56:40 [Note] Event Scheduler: Loaded 0 events
120919  7:56:40 [Note] q:\xampp\mysql\bin\mysqld.exe: ready for connections.
Version: '5.5.25a'  socket: ''  port: 3306  MySQL Community Server (GPL)
120919  9:05:42 [Note] Plugin 'FEDERATED' is disabled.
120919  9:05:42 InnoDB: The InnoDB memory heap is disabled
120919  9:05:42 InnoDB: Mutexes and rw_locks use Windows interlocked functions
120919  9:05:42 InnoDB: Compressed tables use zlib 1.2.3
120919  9:05:42  InnoDB: Error: unable to create temporary file; errno: 2
120919  9:05:42 [ERROR] Plugin 'InnoDB' init function returned error.
120919  9:05:42 [ERROR] Plugin 'InnoDB' registration as a STORAGE ENGINE failed.
120919  9:05:42 [ERROR] Aborting

120919  9:05:42 [Note] 
120919  9:06:26 [Note] Plugin 'FEDERATED' is disabled.
120919  9:06:26 InnoDB: The InnoDB memory heap is disabled
120919  9:06:26 InnoDB: Mutexes and rw_locks use Windows interlocked functions
120919  9:06:26 InnoDB: Compressed tables use zlib 1.2.3
120919  9:06:26  InnoDB: Error: unable to create temporary file; errno: 2
120919  9:06:26 [ERROR] Plugin 'InnoDB' init function returned error.
120919  9:06:26 [ERROR] Plugin 'InnoDB' registration as a STORAGE ENGINE failed.
120919  9:06:26 [ERROR] Aborting

120919  9:06:26 [Note] 
120919  9:06:41 [Note] Plugin 'FEDERATED' is disabled.
120919  9:06:41 InnoDB: The InnoDB memory heap is disabled
120919  9:06:41 InnoDB: Mutexes and rw_locks use Windows interlocked functions
120919  9:06:41 InnoDB: Compressed tables use zlib 1.2.3
120919  9:06:41  InnoDB: Error: unable to create temporary file; errno: 2
120919  9:06:41 [ERROR] Plugin 'InnoDB' init function returned error.
120919  9:06:41 [ERROR] Plugin 'InnoDB' registration as a STORAGE ENGINE failed.
120919  9:06:41 [ERROR] Aborting

120919  9:06:41 [Note] 
120919  9:06:46 [Note] Plugin 'FEDERATED' is disabled.
120919  9:06:46 InnoDB: The InnoDB memory heap is disabled
120919  9:06:46 InnoDB: Mutexes and rw_locks use Windows interlocked functions
120919  9:06:46 InnoDB: Compressed tables use zlib 1.2.3
120919  9:06:46  InnoDB: Error: unable to create temporary file; errno: 2
120919  9:06:46 [ERROR] Plugin 'InnoDB' init function returned error.
120919  9:06:46 [ERROR] Plugin 'InnoDB' registration as a STORAGE ENGINE failed.
120919  9:06:46 [ERROR] Aborting

120919  9:06:46 [Note] 
120919  9:38:20 [Note] Plugin 'FEDERATED' is disabled.
120919  9:38:20 InnoDB: The InnoDB memory heap is disabled
120919  9:38:20 InnoDB: Mutexes and rw_locks use Windows interlocked functions
120919  9:38:20 InnoDB: Compressed tables use zlib 1.2.3
120919  9:38:20 InnoDB: Initializing buffer pool, size = 16.0M
120919  9:38:20 InnoDB: Completed initialization of buffer pool
120919  9:38:20 InnoDB: highest supported file format is Barracuda.
InnoDB: The log sequence number in ibdata files does not match
InnoDB: the log sequence number in the ib_logfiles!
120919  9:38:20  InnoDB: Database was not shut down normally!
InnoDB: Starting crash recovery.
InnoDB: Reading tablespace information from the .ibd files...
InnoDB: Restoring possible half-written data pages from the doublewrite
InnoDB: buffer...
120919  9:38:21  InnoDB: Waiting for the background threads to start
120919  9:38:22 InnoDB: 1.1.8 started; log sequence number 1595675
120919  9:38:22 [Note] Server hostname (bind-address): '0.0.0.0'; port: 3306
120919  9:38:22 [Note]   - '0.0.0.0' resolves to '0.0.0.0';
120919  9:38:22 [Note] Server socket created on IP: '0.0.0.0'.
120919  9:38:22 [Note] Event Scheduler: Loaded 0 events
120919  9:38:22 [Note] d:\_work\zednikp\programy\xampp\mysql\bin\mysqld.exe: ready for connections.
Version: '5.5.25a'  socket: ''  port: 3306  MySQL Community Server (GPL)
120919  9:39:10 [ERROR] Cannot find or open table test/table1 from
the internal data dictionary of InnoDB though the .frm file for the
table exists. Maybe you have deleted and recreated InnoDB data
files but have forgotten to delete the corresponding .frm files
of InnoDB tables, or you have moved .frm files to another database?
or, the table contains indexes that this version of the engine
doesn't support.
See http://dev.mysql.com/doc/refman/5.5/en/innodb-troubleshooting.html
how you can resolve the problem.

120919  9:39:10 [ERROR] Cannot find or open table test/task from
the internal data dictionary of InnoDB though the .frm file for the
table exists. Maybe you have deleted and recreated InnoDB data
files but have forgotten to delete the corresponding .frm files
of InnoDB tables, or you have moved .frm files to another database?
or, the table contains indexes that this version of the engine
doesn't support.
See http://dev.mysql.com/doc/refman/5.5/en/innodb-troubleshooting.html
how you can resolve the problem.

120919  9:39:10 [ERROR] Cannot find or open table test/tasklist from
the internal data dictionary of InnoDB though the .frm file for the
table exists. Maybe you have deleted and recreated InnoDB data
files but have forgotten to delete the corresponding .frm files
of InnoDB tables, or you have moved .frm files to another database?
or, the table contains indexes that this version of the engine
doesn't support.
See http://dev.mysql.com/doc/refman/5.5/en/innodb-troubleshooting.html
how you can resolve the problem.

120919  9:39:10 [ERROR] Cannot find or open table test/user from
the internal data dictionary of InnoDB though the .frm file for the
table exists. Maybe you have deleted and recreated InnoDB data
files but have forgotten to delete the corresponding .frm files
of InnoDB tables, or you have moved .frm files to another database?
or, the table contains indexes that this version of the engine
doesn't support.
See http://dev.mysql.com/doc/refman/5.5/en/innodb-troubleshooting.html
how you can resolve the problem.

120919  9:39:10 [ERROR] Cannot find or open table test/table1 from
the internal data dictionary of InnoDB though the .frm file for the
table exists. Maybe you have deleted and recreated InnoDB data
files but have forgotten to delete the corresponding .frm files
of InnoDB tables, or you have moved .frm files to another database?
or, the table contains indexes that this version of the engine
doesn't support.
See http://dev.mysql.com/doc/refman/5.5/en/innodb-troubleshooting.html
how you can resolve the problem.

120919  9:39:10 [ERROR] Cannot find or open table test/task from
the internal data dictionary of InnoDB though the .frm file for the
table exists. Maybe you have deleted and recreated InnoDB data
files but have forgotten to delete the corresponding .frm files
of InnoDB tables, or you have moved .frm files to another database?
or, the table contains indexes that this version of the engine
doesn't support.
See http://dev.mysql.com/doc/refman/5.5/en/innodb-troubleshooting.html
how you can resolve the problem.

120919  9:39:10 [ERROR] Cannot find or open table test/tasklist from
the internal data dictionary of InnoDB though the .frm file for the
table exists. Maybe you have deleted and recreated InnoDB data
files but have forgotten to delete the corresponding .frm files
of InnoDB tables, or you have moved .frm files to another database?
or, the table contains indexes that this version of the engine
doesn't support.
See http://dev.mysql.com/doc/refman/5.5/en/innodb-troubleshooting.html
how you can resolve the problem.

120919  9:39:10 [ERROR] Cannot find or open table test/user from
the internal data dictionary of InnoDB though the .frm file for the
table exists. Maybe you have deleted and recreated InnoDB data
files but have forgotten to delete the corresponding .frm files
of InnoDB tables, or you have moved .frm files to another database?
or, the table contains indexes that this version of the engine
doesn't support.
See http://dev.mysql.com/doc/refman/5.5/en/innodb-troubleshooting.html
how you can resolve the problem.

120919  9:39:10 [ERROR] Cannot find or open table test/table1 from
the internal data dictionary of InnoDB though the .frm file for the
table exists. Maybe you have deleted and recreated InnoDB data
files but have forgotten to delete the corresponding .frm files
of InnoDB tables, or you have moved .frm files to another database?
or, the table contains indexes that this version of the engine
doesn't support.
See http://dev.mysql.com/doc/refman/5.5/en/innodb-troubleshooting.html
how you can resolve the problem.

120919  9:39:10 [ERROR] Cannot find or open table test/task from
the internal data dictionary of InnoDB though the .frm file for the
table exists. Maybe you have deleted and recreated InnoDB data
files but have forgotten to delete the corresponding .frm files
of InnoDB tables, or you have moved .frm files to another database?
or, the table contains indexes that this version of the engine
doesn't support.
See http://dev.mysql.com/doc/refman/5.5/en/innodb-troubleshooting.html
how you can resolve the problem.

120919  9:39:10 [ERROR] Cannot find or open table test/tasklist from
the internal data dictionary of InnoDB though the .frm file for the
table exists. Maybe you have deleted and recreated InnoDB data
files but have forgotten to delete the corresponding .frm files
of InnoDB tables, or you have moved .frm files to another database?
or, the table contains indexes that this version of the engine
doesn't support.
See http://dev.mysql.com/doc/refman/5.5/en/innodb-troubleshooting.html
how you can resolve the problem.

120919  9:39:10 [ERROR] Cannot find or open table test/user from
the internal data dictionary of InnoDB though the .frm file for the
table exists. Maybe you have deleted and recreated InnoDB data
files but have forgotten to delete the corresponding .frm files
of InnoDB tables, or you have moved .frm files to another database?
or, the table contains indexes that this version of the engine
doesn't support.
See http://dev.mysql.com/doc/refman/5.5/en/innodb-troubleshooting.html
how you can resolve the problem.

120919  9:40:03 [ERROR] Cannot find or open table mysql/task from
the internal data dictionary of InnoDB though the .frm file for the
table exists. Maybe you have deleted and recreated InnoDB data
files but have forgotten to delete the corresponding .frm files
of InnoDB tables, or you have moved .frm files to another database?
or, the table contains indexes that this version of the engine
doesn't support.
See http://dev.mysql.com/doc/refman/5.5/en/innodb-troubleshooting.html
how you can resolve the problem.

120919  9:40:03 [ERROR] Cannot find or open table mysql/tasklist from
the internal data dictionary of InnoDB though the .frm file for the
table exists. Maybe you have deleted and recreated InnoDB data
files but have forgotten to delete the corresponding .frm files
of InnoDB tables, or you have moved .frm files to another database?
or, the table contains indexes that this version of the engine
doesn't support.
See http://dev.mysql.com/doc/refman/5.5/en/innodb-troubleshooting.html
how you can resolve the problem.

120919  9:40:03 [ERROR] Cannot find or open table test/table1 from
the internal data dictionary of InnoDB though the .frm file for the
table exists. Maybe you have deleted and recreated InnoDB data
files but have forgotten to delete the corresponding .frm files
of InnoDB tables, or you have moved .frm files to another database?
or, the table contains indexes that this version of the engine
doesn't support.
See http://dev.mysql.com/doc/refman/5.5/en/innodb-troubleshooting.html
how you can resolve the problem.

120919  9:40:03 [ERROR] Cannot find or open table test/task from
the internal data dictionary of InnoDB though the .frm file for the
table exists. Maybe you have deleted and recreated InnoDB data
files but have forgotten to delete the corresponding .frm files
of InnoDB tables, or you have moved .frm files to another database?
or, the table contains indexes that this version of the engine
doesn't support.
See http://dev.mysql.com/doc/refman/5.5/en/innodb-troubleshooting.html
how you can resolve the problem.

120919  9:40:03 [ERROR] Cannot find or open table test/tasklist from
the internal data dictionary of InnoDB though the .frm file for the
table exists. Maybe you have deleted and recreated InnoDB data
files but have forgotten to delete the corresponding .frm files
of InnoDB tables, or you have moved .frm files to another database?
or, the table contains indexes that this version of the engine
doesn't support.
See http://dev.mysql.com/doc/refman/5.5/en/innodb-troubleshooting.html
how you can resolve the problem.

120919  9:40:03 [ERROR] Cannot find or open table test/user from
the internal data dictionary of InnoDB though the .frm file for the
table exists. Maybe you have deleted and recreated InnoDB data
files but have forgotten to delete the corresponding .frm files
of InnoDB tables, or you have moved .frm files to another database?
or, the table contains indexes that this version of the engine
doesn't support.
See http://dev.mysql.com/doc/refman/5.5/en/innodb-troubleshooting.html
how you can resolve the problem.

120919  9:40:04 [ERROR] Cannot find or open table mysql/task from
the internal data dictionary of InnoDB though the .frm file for the
table exists. Maybe you have deleted and recreated InnoDB data
files but have forgotten to delete the corresponding .frm files
of InnoDB tables, or you have moved .frm files to another database?
or, the table contains indexes that this version of the engine
doesn't support.
See http://dev.mysql.com/doc/refman/5.5/en/innodb-troubleshooting.html
how you can resolve the problem.

120919  9:40:04 [ERROR] Cannot find or open table mysql/tasklist from
the internal data dictionary of InnoDB though the .frm file for the
table exists. Maybe you have deleted and recreated InnoDB data
files but have forgotten to delete the corresponding .frm files
of InnoDB tables, or you have moved .frm files to another database?
or, the table contains indexes that this version of the engine
doesn't support.
See http://dev.mysql.com/doc/refman/5.5/en/innodb-troubleshooting.html
how you can resolve the problem.

120919  9:40:04 [ERROR] Cannot find or open table test/table1 from
the internal data dictionary of InnoDB though the .frm file for the
table exists. Maybe you have deleted and recreated InnoDB data
files but have forgotten to delete the corresponding .frm files
of InnoDB tables, or you have moved .frm files to another database?
or, the table contains indexes that this version of the engine
doesn't support.
See http://dev.mysql.com/doc/refman/5.5/en/innodb-troubleshooting.html
how you can resolve the problem.

120919  9:40:04 [ERROR] Cannot find or open table test/task from
the internal data dictionary of InnoDB though the .frm file for the
table exists. Maybe you have deleted and recreated InnoDB data
files but have forgotten to delete the corresponding .frm files
of InnoDB tables, or you have moved .frm files to another database?
or, the table contains indexes that this version of the engine
doesn't support.
See http://dev.mysql.com/doc/refman/5.5/en/innodb-troubleshooting.html
how you can resolve the problem.

120919  9:40:04 [ERROR] Cannot find or open table test/tasklist from
the internal data dictionary of InnoDB though the .frm file for the
table exists. Maybe you have deleted and recreated InnoDB data
files but have forgotten to delete the corresponding .frm files
of InnoDB tables, or you have moved .frm files to another database?
or, the table contains indexes that this version of the engine
doesn't support.
See http://dev.mysql.com/doc/refman/5.5/en/innodb-troubleshooting.html
how you can resolve the problem.

120919  9:40:04 [ERROR] Cannot find or open table test/user from
the internal data dictionary of InnoDB though the .frm file for the
table exists. Maybe you have deleted and recreated InnoDB data
files but have forgotten to delete the corresponding .frm files
of InnoDB tables, or you have moved .frm files to another database?
or, the table contains indexes that this version of the engine
doesn't support.
See http://dev.mysql.com/doc/refman/5.5/en/innodb-troubleshooting.html
how you can resolve the problem.

120919  9:40:04 [ERROR] Cannot find or open table mysql/task from
the internal data dictionary of InnoDB though the .frm file for the
table exists. Maybe you have deleted and recreated InnoDB data
files but have forgotten to delete the corresponding .frm files
of InnoDB tables, or you have moved .frm files to another database?
or, the table contains indexes that this version of the engine
doesn't support.
See http://dev.mysql.com/doc/refman/5.5/en/innodb-troubleshooting.html
how you can resolve the problem.

120919  9:40:04 [ERROR] Cannot find or open table mysql/tasklist from
the internal data dictionary of InnoDB though the .frm file for the
table exists. Maybe you have deleted and recreated InnoDB data
files but have forgotten to delete the corresponding .frm files
of InnoDB tables, or you have moved .frm files to another database?
or, the table contains indexes that this version of the engine
doesn't support.
See http://dev.mysql.com/doc/refman/5.5/en/innodb-troubleshooting.html
how you can resolve the problem.

120919  9:40:04 [ERROR] Cannot find or open table test/table1 from
the internal data dictionary of InnoDB though the .frm file for the
table exists. Maybe you have deleted and recreated InnoDB data
files but have forgotten to delete the corresponding .frm files
of InnoDB tables, or you have moved .frm files to another database?
or, the table contains indexes that this version of the engine
doesn't support.
See http://dev.mysql.com/doc/refman/5.5/en/innodb-troubleshooting.html
how you can resolve the problem.

120919  9:40:04 [ERROR] Cannot find or open table mysql/task from
the internal data dictionary of InnoDB though the .frm file for the
table exists. Maybe you have deleted and recreated InnoDB data
files but have forgotten to delete the corresponding .frm files
of InnoDB tables, or you have moved .frm files to another database?
or, the table contains indexes that this version of the engine
doesn't support.
See http://dev.mysql.com/doc/refman/5.5/en/innodb-troubleshooting.html
how you can resolve the problem.

120919  9:40:04 [ERROR] Cannot find or open table test/task from
the internal data dictionary of InnoDB though the .frm file for the
table exists. Maybe you have deleted and recreated InnoDB data
files but have forgotten to delete the corresponding .frm files
of InnoDB tables, or you have moved .frm files to another database?
or, the table contains indexes that this version of the engine
doesn't support.
See http://dev.mysql.com/doc/refman/5.5/en/innodb-troubleshooting.html
how you can resolve the problem.

120919  9:40:04 [ERROR] Cannot find or open table mysql/tasklist from
the internal data dictionary of InnoDB though the .frm file for the
table exists. Maybe you have deleted and recreated InnoDB data
files but have forgotten to delete the corresponding .frm files
of InnoDB tables, or you have moved .frm files to another database?
or, the table contains indexes that this version of the engine
doesn't support.
See http://dev.mysql.com/doc/refman/5.5/en/innodb-troubleshooting.html
how you can resolve the problem.

120919  9:40:04 [ERROR] Cannot find or open table test/tasklist from
the internal data dictionary of InnoDB though the .frm file for the
table exists. Maybe you have deleted and recreated InnoDB data
files but have forgotten to delete the corresponding .frm files
of InnoDB tables, or you have moved .frm files to another database?
or, the table contains indexes that this version of the engine
doesn't support.
See http://dev.mysql.com/doc/refman/5.5/en/innodb-troubleshooting.html
how you can resolve the problem.

120919  9:40:04 [ERROR] Cannot find or open table test/user from
the internal data dictionary of InnoDB though the .frm file for the
table exists. Maybe you have deleted and recreated InnoDB data
files but have forgotten to delete the corresponding .frm files
of InnoDB tables, or you have moved .frm files to another database?
or, the table contains indexes that this version of the engine
doesn't support.
See http://dev.mysql.com/doc/refman/5.5/en/innodb-troubleshooting.html
how you can resolve the problem.

120919  9:40:04 [ERROR] Cannot find or open table test/table1 from
the internal data dictionary of InnoDB though the .frm file for the
table exists. Maybe you have deleted and recreated InnoDB data
files but have forgotten to delete the corresponding .frm files
of InnoDB tables, or you have moved .frm files to another database?
or, the table contains indexes that this version of the engine
doesn't support.
See http://dev.mysql.com/doc/refman/5.5/en/innodb-troubleshooting.html
how you can resolve the problem.

120919  9:40:04 [ERROR] Cannot find or open table test/task from
the internal data dictionary of InnoDB though the .frm file for the
table exists. Maybe you have deleted and recreated InnoDB data
files but have forgotten to delete the corresponding .frm files
of InnoDB tables, or you have moved .frm files to another database?
or, the table contains indexes that this version of the engine
doesn't support.
See http://dev.mysql.com/doc/refman/5.5/en/innodb-troubleshooting.html
how you can resolve the problem.

120919  9:40:04 [ERROR] Cannot find or open table test/tasklist from
the internal data dictionary of InnoDB though the .frm file for the
table exists. Maybe you have deleted and recreated InnoDB data
files but have forgotten to delete the corresponding .frm files
of InnoDB tables, or you have moved .frm files to another database?
or, the table contains indexes that this version of the engine
doesn't support.
See http://dev.mysql.com/doc/refman/5.5/en/innodb-troubleshooting.html
how you can resolve the problem.

120919  9:40:04 [ERROR] Cannot find or open table test/user from
the internal data dictionary of InnoDB though the .frm file for the
table exists. Maybe you have deleted and recreated InnoDB data
files but have forgotten to delete the corresponding .frm files
of InnoDB tables, or you have moved .frm files to another database?
or, the table contains indexes that this version of the engine
doesn't support.
See http://dev.mysql.com/doc/refman/5.5/en/innodb-troubleshooting.html
how you can resolve the problem.

120919  9:40:04 [ERROR] Cannot find or open table mysql/task from
the internal data dictionary of InnoDB though the .frm file for the
table exists. Maybe you have deleted and recreated InnoDB data
files but have forgotten to delete the corresponding .frm files
of InnoDB tables, or you have moved .frm files to another database?
or, the table contains indexes that this version of the engine
doesn't support.
See http://dev.mysql.com/doc/refman/5.5/en/innodb-troubleshooting.html
how you can resolve the problem.

120919  9:40:04 [ERROR] Cannot find or open table mysql/tasklist from
the internal data dictionary of InnoDB though the .frm file for the
table exists. Maybe you have deleted and recreated InnoDB data
files but have forgotten to delete the corresponding .frm files
of InnoDB tables, or you have moved .frm files to another database?
or, the table contains indexes that this version of the engine
doesn't support.
See http://dev.mysql.com/doc/refman/5.5/en/innodb-troubleshooting.html
how you can resolve the problem.

120919  9:40:04 [ERROR] Cannot find or open table test/table1 from
the internal data dictionary of InnoDB though the .frm file for the
table exists. Maybe you have deleted and recreated InnoDB data
files but have forgotten to delete the corresponding .frm files
of InnoDB tables, or you have moved .frm files to another database?
or, the table contains indexes that this version of the engine
doesn't support.
See http://dev.mysql.com/doc/refman/5.5/en/innodb-troubleshooting.html
how you can resolve the problem.

120919  9:40:04 [ERROR] Cannot find or open table test/task from
the internal data dictionary of InnoDB though the .frm file for the
table exists. Maybe you have deleted and recreated InnoDB data
files but have forgotten to delete the corresponding .frm files
of InnoDB tables, or you have moved .frm files to another database?
or, the table contains indexes that this version of the engine
doesn't support.
See http://dev.mysql.com/doc/refman/5.5/en/innodb-troubleshooting.html
how you can resolve the problem.

120919  9:40:04 [ERROR] Cannot find or open table test/tasklist from
the internal data dictionary of InnoDB though the .frm file for the
table exists. Maybe you have deleted and recreated InnoDB data
files but have forgotten to delete the corresponding .frm files
of InnoDB tables, or you have moved .frm files to another database?
or, the table contains indexes that this version of the engine
doesn't support.
See http://dev.mysql.com/doc/refman/5.5/en/innodb-troubleshooting.html
how you can resolve the problem.

120919  9:40:04 [ERROR] Cannot find or open table test/user from
the internal data dictionary of InnoDB though the .frm file for the
table exists. Maybe you have deleted and recreated InnoDB data
files but have forgotten to delete the corresponding .frm files
of InnoDB tables, or you have moved .frm files to another database?
or, the table contains indexes that this version of the engine
doesn't support.
See http://dev.mysql.com/doc/refman/5.5/en/innodb-troubleshooting.html
how you can resolve the problem.

120919  9:40:04 [ERROR] Cannot find or open table mysql/task from
the internal data dictionary of InnoDB though the .frm file for the
table exists. Maybe you have deleted and recreated InnoDB data
files but have forgotten to delete the corresponding .frm files
of InnoDB tables, or you have moved .frm files to another database?
or, the table contains indexes that this version of the engine
doesn't support.
See http://dev.mysql.com/doc/refman/5.5/en/innodb-troubleshooting.html
how you can resolve the problem.

120919  9:40:04 [ERROR] Cannot find or open table mysql/tasklist from
the internal data dictionary of InnoDB though the .frm file for the
table exists. Maybe you have deleted and recreated InnoDB data
files but have forgotten to delete the corresponding .frm files
of InnoDB tables, or you have moved .frm files to another database?
or, the table contains indexes that this version of the engine
doesn't support.
See http://dev.mysql.com/doc/refman/5.5/en/innodb-troubleshooting.html
how you can resolve the problem.

120919  9:40:04 [ERROR] Cannot find or open table test/table1 from
the internal data dictionary of InnoDB though the .frm file for the
table exists. Maybe you have deleted and recreated InnoDB data
files but have forgotten to delete the corresponding .frm files
of InnoDB tables, or you have moved .frm files to another database?
or, the table contains indexes that this version of the engine
doesn't support.
See http://dev.mysql.com/doc/refman/5.5/en/innodb-troubleshooting.html
how you can resolve the problem.

120919  9:40:04 [ERROR] Cannot find or open table test/task from
the internal data dictionary of InnoDB though the .frm file for the
table exists. Maybe you have deleted and recreated InnoDB data
files but have forgotten to delete the corresponding .frm files
of InnoDB tables, or you have moved .frm files to another database?
or, the table contains indexes that this version of the engine
doesn't support.
See http://dev.mysql.com/doc/refman/5.5/en/innodb-troubleshooting.html
how you can resolve the problem.

120919  9:40:04 [ERROR] Cannot find or open table test/tasklist from
the internal data dictionary of InnoDB though the .frm file for the
table exists. Maybe you have deleted and recreated InnoDB data
files but have forgotten to delete the corresponding .frm files
of InnoDB tables, or you have moved .frm files to another database?
or, the table contains indexes that this version of the engine
doesn't support.
See http://dev.mysql.com/doc/refman/5.5/en/innodb-troubleshooting.html
how you can resolve the problem.

120919  9:40:04 [ERROR] Cannot find or open table test/user from
the internal data dictionary of InnoDB though the .frm file for the
table exists. Maybe you have deleted and recreated InnoDB data
files but have forgotten to delete the corresponding .frm files
of InnoDB tables, or you have moved .frm files to another database?
or, the table contains indexes that this version of the engine
doesn't support.
See http://dev.mysql.com/doc/refman/5.5/en/innodb-troubleshooting.html
how you can resolve the problem.

120919  9:40:04 [ERROR] Cannot find or open table mysql/task from
the internal data dictionary of InnoDB though the .frm file for the
table exists. Maybe you have deleted and recreated InnoDB data
files but have forgotten to delete the corresponding .frm files
of InnoDB tables, or you have moved .frm files to another database?
or, the table contains indexes that this version of the engine
doesn't support.
See http://dev.mysql.com/doc/refman/5.5/en/innodb-troubleshooting.html
how you can resolve the problem.

120919  9:40:04 [ERROR] Cannot find or open table mysql/tasklist from
the internal data dictionary of InnoDB though the .frm file for the
table exists. Maybe you have deleted and recreated InnoDB data
files but have forgotten to delete the corresponding .frm files
of InnoDB tables, or you have moved .frm files to another database?
or, the table contains indexes that this version of the engine
doesn't support.
See http://dev.mysql.com/doc/refman/5.5/en/innodb-troubleshooting.html
how you can resolve the problem.

120919  9:40:04 [ERROR] Cannot find or open table test/table1 from
the internal data dictionary of InnoDB though the .frm file for the
table exists. Maybe you have deleted and recreated InnoDB data
files but have forgotten to delete the corresponding .frm files
of InnoDB tables, or you have moved .frm files to another database?
or, the table contains indexes that this version of the engine
doesn't support.
See http://dev.mysql.com/doc/refman/5.5/en/innodb-troubleshooting.html
how you can resolve the problem.

120919  9:40:04 [ERROR] Cannot find or open table test/task from
the internal data dictionary of InnoDB though the .frm file for the
table exists. Maybe you have deleted and recreated InnoDB data
files but have forgotten to delete the corresponding .frm files
of InnoDB tables, or you have moved .frm files to another database?
or, the table contains indexes that this version of the engine
doesn't support.
See http://dev.mysql.com/doc/refman/5.5/en/innodb-troubleshooting.html
how you can resolve the problem.

120919  9:40:04 [ERROR] Cannot find or open table test/tasklist from
the internal data dictionary of InnoDB though the .frm file for the
table exists. Maybe you have deleted and recreated InnoDB data
files but have forgotten to delete the corresponding .frm files
of InnoDB tables, or you have moved .frm files to another database?
or, the table contains indexes that this version of the engine
doesn't support.
See http://dev.mysql.com/doc/refman/5.5/en/innodb-troubleshooting.html
how you can resolve the problem.

120919  9:40:04 [ERROR] Cannot find or open table test/user from
the internal data dictionary of InnoDB though the .frm file for the
table exists. Maybe you have deleted and recreated InnoDB data
files but have forgotten to delete the corresponding .frm files
of InnoDB tables, or you have moved .frm files to another database?
or, the table contains indexes that this version of the engine
doesn't support.
See http://dev.mysql.com/doc/refman/5.5/en/innodb-troubleshooting.html
how you can resolve the problem.

120919  9:40:04 [ERROR] Cannot find or open table mysql/task from
the internal data dictionary of InnoDB though the .frm file for the
table exists. Maybe you have deleted and recreated InnoDB data
files but have forgotten to delete the corresponding .frm files
of InnoDB tables, or you have moved .frm files to another database?
or, the table contains indexes that this version of the engine
doesn't support.
See http://dev.mysql.com/doc/refman/5.5/en/innodb-troubleshooting.html
how you can resolve the problem.

120919  9:40:04 [ERROR] Cannot find or open table mysql/tasklist from
the internal data dictionary of InnoDB though the .frm file for the
table exists. Maybe you have deleted and recreated InnoDB data
files but have forgotten to delete the corresponding .frm files
of InnoDB tables, or you have moved .frm files to another database?
or, the table contains indexes that this version of the engine
doesn't support.
See http://dev.mysql.com/doc/refman/5.5/en/innodb-troubleshooting.html
how you can resolve the problem.

120919  9:40:04 [ERROR] Cannot find or open table test/table1 from
the internal data dictionary of InnoDB though the .frm file for the
table exists. Maybe you have deleted and recreated InnoDB data
files but have forgotten to delete the corresponding .frm files
of InnoDB tables, or you have moved .frm files to another database?
or, the table contains indexes that this version of the engine
doesn't support.
See http://dev.mysql.com/doc/refman/5.5/en/innodb-troubleshooting.html
how you can resolve the problem.

120919  9:40:04 [ERROR] Cannot find or open table test/task from
the internal data dictionary of InnoDB though the .frm file for the
table exists. Maybe you have deleted and recreated InnoDB data
files but have forgotten to delete the corresponding .frm files
of InnoDB tables, or you have moved .frm files to another database?
or, the table contains indexes that this version of the engine
doesn't support.
See http://dev.mysql.com/doc/refman/5.5/en/innodb-troubleshooting.html
how you can resolve the problem.

120919  9:40:04 [ERROR] Cannot find or open table test/tasklist from
the internal data dictionary of InnoDB though the .frm file for the
table exists. Maybe you have deleted and recreated InnoDB data
files but have forgotten to delete the corresponding .frm files
of InnoDB tables, or you have moved .frm files to another database?
or, the table contains indexes that this version of the engine
doesn't support.
See http://dev.mysql.com/doc/refman/5.5/en/innodb-troubleshooting.html
how you can resolve the problem.

120919  9:40:04 [ERROR] Cannot find or open table test/user from
the internal data dictionary of InnoDB though the .frm file for the
table exists. Maybe you have deleted and recreated InnoDB data
files but have forgotten to delete the corresponding .frm files
of InnoDB tables, or you have moved .frm files to another database?
or, the table contains indexes that this version of the engine
doesn't support.
See http://dev.mysql.com/doc/refman/5.5/en/innodb-troubleshooting.html
how you can resolve the problem.

120919  9:40:08 [ERROR] Cannot find or open table mysql/task from
the internal data dictionary of InnoDB though the .frm file for the
table exists. Maybe you have deleted and recreated InnoDB data
files but have forgotten to delete the corresponding .frm files
of InnoDB tables, or you have moved .frm files to another database?
or, the table contains indexes that this version of the engine
doesn't support.
See http://dev.mysql.com/doc/refman/5.5/en/innodb-troubleshooting.html
how you can resolve the problem.

120919  9:40:08 [ERROR] Cannot find or open table mysql/tasklist from
the internal data dictionary of InnoDB though the .frm file for the
table exists. Maybe you have deleted and recreated InnoDB data
files but have forgotten to delete the corresponding .frm files
of InnoDB tables, or you have moved .frm files to another database?
or, the table contains indexes that this version of the engine
doesn't support.
See http://dev.mysql.com/doc/refman/5.5/en/innodb-troubleshooting.html
how you can resolve the problem.

120919  9:40:09 [ERROR] Cannot find or open table mysql/task from
the internal data dictionary of InnoDB though the .frm file for the
table exists. Maybe you have deleted and recreated InnoDB data
files but have forgotten to delete the corresponding .frm files
of InnoDB tables, or you have moved .frm files to another database?
or, the table contains indexes that this version of the engine
doesn't support.
See http://dev.mysql.com/doc/refman/5.5/en/innodb-troubleshooting.html
how you can resolve the problem.

120919  9:40:09 [ERROR] Cannot find or open table mysql/tasklist from
the internal data dictionary of InnoDB though the .frm file for the
table exists. Maybe you have deleted and recreated InnoDB data
files but have forgotten to delete the corresponding .frm files
of InnoDB tables, or you have moved .frm files to another database?
or, the table contains indexes that this version of the engine
doesn't support.
See http://dev.mysql.com/doc/refman/5.5/en/innodb-troubleshooting.html
how you can resolve the problem.

120919  9:40:09 [ERROR] Cannot find or open table mysql/task from
the internal data dictionary of InnoDB though the .frm file for the
table exists. Maybe you have deleted and recreated InnoDB data
files but have forgotten to delete the corresponding .frm files
of InnoDB tables, or you have moved .frm files to another database?
or, the table contains indexes that this version of the engine
doesn't support.
See http://dev.mysql.com/doc/refman/5.5/en/innodb-troubleshooting.html
how you can resolve the problem.

120919  9:40:09 [ERROR] Cannot find or open table mysql/tasklist from
the internal data dictionary of InnoDB though the .frm file for the
table exists. Maybe you have deleted and recreated InnoDB data
files but have forgotten to delete the corresponding .frm files
of InnoDB tables, or you have moved .frm files to another database?
or, the table contains indexes that this version of the engine
doesn't support.
See http://dev.mysql.com/doc/refman/5.5/en/innodb-troubleshooting.html
how you can resolve the problem.

120919  9:40:26 [ERROR] Cannot find or open table test/table1 from
the internal data dictionary of InnoDB though the .frm file for the
table exists. Maybe you have deleted and recreated InnoDB data
files but have forgotten to delete the corresponding .frm files
of InnoDB tables, or you have moved .frm files to another database?
or, the table contains indexes that this version of the engine
doesn't support.
See http://dev.mysql.com/doc/refman/5.5/en/innodb-troubleshooting.html
how you can resolve the problem.

120919  9:40:26 [ERROR] Cannot find or open table test/task from
the internal data dictionary of InnoDB though the .frm file for the
table exists. Maybe you have deleted and recreated InnoDB data
files but have forgotten to delete the corresponding .frm files
of InnoDB tables, or you have moved .frm files to another database?
or, the table contains indexes that this version of the engine
doesn't support.
See http://dev.mysql.com/doc/refman/5.5/en/innodb-troubleshooting.html
how you can resolve the problem.

120919  9:40:26 [ERROR] Cannot find or open table test/tasklist from
the internal data dictionary of InnoDB though the .frm file for the
table exists. Maybe you have deleted and recreated InnoDB data
files but have forgotten to delete the corresponding .frm files
of InnoDB tables, or you have moved .frm files to another database?
or, the table contains indexes that this version of the engine
doesn't support.
See http://dev.mysql.com/doc/refman/5.5/en/innodb-troubleshooting.html
how you can resolve the problem.

120919  9:40:26 [ERROR] Cannot find or open table test/user from
the internal data dictionary of InnoDB though the .frm file for the
table exists. Maybe you have deleted and recreated InnoDB data
files but have forgotten to delete the corresponding .frm files
of InnoDB tables, or you have moved .frm files to another database?
or, the table contains indexes that this version of the engine
doesn't support.
See http://dev.mysql.com/doc/refman/5.5/en/innodb-troubleshooting.html
how you can resolve the problem.

120919  9:40:27 [ERROR] Cannot find or open table test/table1 from
the internal data dictionary of InnoDB though the .frm file for the
table exists. Maybe you have deleted and recreated InnoDB data
files but have forgotten to delete the corresponding .frm files
of InnoDB tables, or you have moved .frm files to another database?
or, the table contains indexes that this version of the engine
doesn't support.
See http://dev.mysql.com/doc/refman/5.5/en/innodb-troubleshooting.html
how you can resolve the problem.

120919  9:40:27 [ERROR] Cannot find or open table test/task from
the internal data dictionary of InnoDB though the .frm file for the
table exists. Maybe you have deleted and recreated InnoDB data
files but have forgotten to delete the corresponding .frm files
of InnoDB tables, or you have moved .frm files to another database?
or, the table contains indexes that this version of the engine
doesn't support.
See http://dev.mysql.com/doc/refman/5.5/en/innodb-troubleshooting.html
how you can resolve the problem.

120919  9:40:27 [ERROR] Cannot find or open table test/tasklist from
the internal data dictionary of InnoDB though the .frm file for the
table exists. Maybe you have deleted and recreated InnoDB data
files but have forgotten to delete the corresponding .frm files
of InnoDB tables, or you have moved .frm files to another database?
or, the table contains indexes that this version of the engine
doesn't support.
See http://dev.mysql.com/doc/refman/5.5/en/innodb-troubleshooting.html
how you can resolve the problem.

120919  9:40:27 [ERROR] Cannot find or open table test/user from
the internal data dictionary of InnoDB though the .frm file for the
table exists. Maybe you have deleted and recreated InnoDB data
files but have forgotten to delete the corresponding .frm files
of InnoDB tables, or you have moved .frm files to another database?
or, the table contains indexes that this version of the engine
doesn't support.
See http://dev.mysql.com/doc/refman/5.5/en/innodb-troubleshooting.html
how you can resolve the problem.

120919  9:40:27 [ERROR] Cannot find or open table test/table1 from
the internal data dictionary of InnoDB though the .frm file for the
table exists. Maybe you have deleted and recreated InnoDB data
files but have forgotten to delete the corresponding .frm files
of InnoDB tables, or you have moved .frm files to another database?
or, the table contains indexes that this version of the engine
doesn't support.
See http://dev.mysql.com/doc/refman/5.5/en/innodb-troubleshooting.html
how you can resolve the problem.

120919  9:40:27 [ERROR] Cannot find or open table test/task from
the internal data dictionary of InnoDB though the .frm file for the
table exists. Maybe you have deleted and recreated InnoDB data
files but have forgotten to delete the corresponding .frm files
of InnoDB tables, or you have moved .frm files to another database?
or, the table contains indexes that this version of the engine
doesn't support.
See http://dev.mysql.com/doc/refman/5.5/en/innodb-troubleshooting.html
how you can resolve the problem.

120919  9:40:27 [ERROR] Cannot find or open table test/tasklist from
the internal data dictionary of InnoDB though the .frm file for the
table exists. Maybe you have deleted and recreated InnoDB data
files but have forgotten to delete the corresponding .frm files
of InnoDB tables, or you have moved .frm files to another database?
or, the table contains indexes that this version of the engine
doesn't support.
See http://dev.mysql.com/doc/refman/5.5/en/innodb-troubleshooting.html
how you can resolve the problem.

120919  9:40:27 [ERROR] Cannot find or open table test/user from
the internal data dictionary of InnoDB though the .frm file for the
table exists. Maybe you have deleted and recreated InnoDB data
files but have forgotten to delete the corresponding .frm files
of InnoDB tables, or you have moved .frm files to another database?
or, the table contains indexes that this version of the engine
doesn't support.
See http://dev.mysql.com/doc/refman/5.5/en/innodb-troubleshooting.html
how you can resolve the problem.

